mode: set
go-reading-log-api-next/internal/validation/errors.go:13.42,15.2 1 1
go-reading-log-api-next/internal/validation/errors.go:23.46,24.24 1 1
go-reading-log-api-next/internal/validation/errors.go:24.24,26.3 1 1
go-reading-log-api-next/internal/validation/errors.go:27.2,27.24 1 1
go-reading-log-api-next/internal/validation/errors.go:27.24,29.3 1 1
go-reading-log-api-next/internal/validation/errors.go:30.2,30.75 1 1
go-reading-log-api-next/internal/validation/errors.go:34.62,36.2 1 1
go-reading-log-api-next/internal/validation/errors.go:39.48,41.2 1 1
go-reading-log-api-next/internal/validation/errors.go:44.62,45.24 1 1
go-reading-log-api-next/internal/validation/errors.go:45.24,47.3 1 1
go-reading-log-api-next/internal/validation/errors.go:49.2,50.31 2 1
go-reading-log-api-next/internal/validation/errors.go:50.31,52.3 1 1
go-reading-log-api-next/internal/validation/errors.go:53.2,53.15 1 1
go-reading-log-api-next/internal/validation/errors.go:57.71,63.2 1 1
go-reading-log-api-next/internal/validation/validate_log.go:8.72,10.19 1 1
go-reading-log-api-next/internal/validation/validate_log.go:10.19,16.3 1 1
go-reading-log-api-next/internal/validation/validate_log.go:19.2,19.17 1 1
go-reading-log-api-next/internal/validation/validate_log.go:19.17,25.3 1 1
go-reading-log-api-next/internal/validation/validate_log.go:28.2,28.25 1 1
go-reading-log-api-next/internal/validation/validate_log.go:28.25,34.3 1 1
go-reading-log-api-next/internal/validation/validate_log.go:36.2,36.12 1 1
go-reading-log-api-next/internal/validation/validate_log.go:42.67,46.65 2 1
go-reading-log-api-next/internal/validation/validate_log.go:46.65,48.3 1 1
go-reading-log-api-next/internal/validation/validate_log.go:50.2,50.15 1 1
go-reading-log-api-next/internal/validation/validate_project.go:16.35,24.2 1 1
go-reading-log-api-next/internal/validation/validate_project.go:28.61,29.14 1 1
go-reading-log-api-next/internal/validation/validate_project.go:29.14,35.3 1 1
go-reading-log-api-next/internal/validation/validate_project.go:36.2,36.22 1 1
go-reading-log-api-next/internal/validation/validate_project.go:36.22,42.3 1 1
go-reading-log-api-next/internal/validation/validate_project.go:43.2,43.12 1 1
go-reading-log-api-next/internal/validation/validate_project.go:48.56,49.20 1 1
go-reading-log-api-next/internal/validation/validate_project.go:49.20,55.3 1 1
go-reading-log-api-next/internal/validation/validate_project.go:56.2,56.12 1 1
go-reading-log-api-next/internal/validation/validate_project.go:61.53,63.44 2 1
go-reading-log-api-next/internal/validation/validate_project.go:63.44,64.28 1 1
go-reading-log-api-next/internal/validation/validate_project.go:64.28,66.4 1 1
go-reading-log-api-next/internal/validation/validate_project.go:68.2,72.3 1 1
go-reading-log-api-next/internal/validation/validate_project.go:78.83,82.53 2 1
go-reading-log-api-next/internal/validation/validate_project.go:82.53,84.3 1 1
go-reading-log-api-next/internal/validation/validate_project.go:87.2,87.54 1 1
go-reading-log-api-next/internal/validation/validate_project.go:87.54,89.3 1 1
go-reading-log-api-next/internal/validation/validate_project.go:92.2,92.47 1 1
go-reading-log-api-next/internal/validation/validate_project.go:92.47,94.3 1 1
go-reading-log-api-next/internal/validation/validate_project.go:96.2,96.15 1 1
